Created by PLY version 3.9 (http://www.dabeaz.com/ply)

Unused terminals:

    RBRACE
    SHOW
    WHEN
    YVALUE
    SUMMATION
    INFINITY
    PRODUCT
    TVALUE
    LIMIT
    FROM
    LBRACE
    ZVALUE
    TO

Grammar

Rule 0     S' -> statement
Rule 1     statement -> VAR EQUALS expression
Rule 2     statement -> VAR EQUALS XVALUE
Rule 3     statement -> expression
Rule 4     expression -> INTEGRAL OF expression
Rule 5     expression -> DERIVATIVE OF expression
Rule 6     expression -> expression PLUS expression
Rule 7     expression -> expression MINUS expression
Rule 8     expression -> expression POWER expression
Rule 9     expression -> expression TIMES expression
Rule 10    expression -> expression DIVIDE expression
Rule 11    expression -> MINUS expression
Rule 12    expression -> LPAREN expression RPAREN
Rule 13    expression -> INT
Rule 14    expression -> FLOAT
Rule 15    expression -> VAR

Terminals, with rules where they appear

DERIVATIVE           : 5
DIVIDE               : 10
EQUALS               : 1 2
FLOAT                : 14
FROM                 : 
INFINITY             : 
INT                  : 13
INTEGRAL             : 4
LBRACE               : 
LIMIT                : 
LPAREN               : 12
MINUS                : 7 11
OF                   : 4 5
PLUS                 : 6
POWER                : 8
PRODUCT              : 
RBRACE               : 
RPAREN               : 12
SHOW                 : 
SUMMATION            : 
TIMES                : 9
TO                   : 
TVALUE               : 
VAR                  : 1 2 15
WHEN                 : 
XVALUE               : 2
YVALUE               : 
ZVALUE               : 
error                : 

Nonterminals, with rules where they appear

expression           : 1 3 4 5 6 6 7 7 8 8 9 9 10 10 11 12
statement            : 0

Parsing method: LALR

state 0

    (0) S' -> . statement
    (1) statement -> . VAR EQUALS expression
    (2) statement -> . VAR EQUALS XVALUE
    (3) statement -> . expression
    (4) expression -> . INTEGRAL OF expression
    (5) expression -> . DERIVATIVE OF expression
    (6) expression -> . expression PLUS expression
    (7) expression -> . expression MINUS expression
    (8) expression -> . expression POWER expression
    (9) expression -> . expression TIMES expression
    (10) expression -> . expression DIVIDE expression
    (11) expression -> . MINUS expression
    (12) expression -> . LPAREN expression RPAREN
    (13) expression -> . INT
    (14) expression -> . FLOAT
    (15) expression -> . VAR

    VAR             shift and go to state 9
    INTEGRAL        shift and go to state 2
    DERIVATIVE      shift and go to state 6
    MINUS           shift and go to state 8
    LPAREN          shift and go to state 1
    INT             shift and go to state 4
    FLOAT           shift and go to state 3

    statement                      shift and go to state 7
    expression                     shift and go to state 5

state 1

    (12) expression -> LPAREN . expression RPAREN
    (4) expression -> . INTEGRAL OF expression
    (5) expression -> . DERIVATIVE OF expression
    (6) expression -> . expression PLUS expression
    (7) expression -> . expression MINUS expression
    (8) expression -> . expression POWER expression
    (9) expression -> . expression TIMES expression
    (10) expression -> . expression DIVIDE expression
    (11) expression -> . MINUS expression
    (12) expression -> . LPAREN expression RPAREN
    (13) expression -> . INT
    (14) expression -> . FLOAT
    (15) expression -> . VAR

    INTEGRAL        shift and go to state 2
    DERIVATIVE      shift and go to state 6
    MINUS           shift and go to state 8
    LPAREN          shift and go to state 1
    INT             shift and go to state 4
    FLOAT           shift and go to state 3
    VAR             shift and go to state 11

    expression                     shift and go to state 10

state 2

    (4) expression -> INTEGRAL . OF expression

    OF              shift and go to state 12


state 3

    (14) expression -> FLOAT .

    PLUS            reduce using rule 14 (expression -> FLOAT .)
    MINUS           reduce using rule 14 (expression -> FLOAT .)
    POWER           reduce using rule 14 (expression -> FLOAT .)
    TIMES           reduce using rule 14 (expression -> FLOAT .)
    DIVIDE          reduce using rule 14 (expression -> FLOAT .)
    $end            reduce using rule 14 (expression -> FLOAT .)
    RPAREN          reduce using rule 14 (expression -> FLOAT .)


state 4

    (13) expression -> INT .

    PLUS            reduce using rule 13 (expression -> INT .)
    MINUS           reduce using rule 13 (expression -> INT .)
    POWER           reduce using rule 13 (expression -> INT .)
    TIMES           reduce using rule 13 (expression -> INT .)
    DIVIDE          reduce using rule 13 (expression -> INT .)
    $end            reduce using rule 13 (expression -> INT .)
    RPAREN          reduce using rule 13 (expression -> INT .)


state 5

    (3) statement -> expression .
    (6) expression -> expression . PLUS expression
    (7) expression -> expression . MINUS expression
    (8) expression -> expression . POWER expression
    (9) expression -> expression . TIMES expression
    (10) expression -> expression . DIVIDE expression

    $end            reduce using rule 3 (statement -> expression .)
    PLUS            shift and go to state 15
    MINUS           shift and go to state 14
    POWER           shift and go to state 16
    TIMES           shift and go to state 17
    DIVIDE          shift and go to state 13


state 6

    (5) expression -> DERIVATIVE . OF expression

    OF              shift and go to state 18


state 7

    (0) S' -> statement .



state 8

    (11) expression -> MINUS . expression
    (4) expression -> . INTEGRAL OF expression
    (5) expression -> . DERIVATIVE OF expression
    (6) expression -> . expression PLUS expression
    (7) expression -> . expression MINUS expression
    (8) expression -> . expression POWER expression
    (9) expression -> . expression TIMES expression
    (10) expression -> . expression DIVIDE expression
    (11) expression -> . MINUS expression
    (12) expression -> . LPAREN expression RPAREN
    (13) expression -> . INT
    (14) expression -> . FLOAT
    (15) expression -> . VAR

    INTEGRAL        shift and go to state 2
    DERIVATIVE      shift and go to state 6
    MINUS           shift and go to state 8
    LPAREN          shift and go to state 1
    INT             shift and go to state 4
    FLOAT           shift and go to state 3
    VAR             shift and go to state 11

    expression                     shift and go to state 19

state 9

    (1) statement -> VAR . EQUALS expression
    (2) statement -> VAR . EQUALS XVALUE
    (15) expression -> VAR .

    EQUALS          shift and go to state 20
    PLUS            reduce using rule 15 (expression -> VAR .)
    MINUS           reduce using rule 15 (expression -> VAR .)
    POWER           reduce using rule 15 (expression -> VAR .)
    TIMES           reduce using rule 15 (expression -> VAR .)
    DIVIDE          reduce using rule 15 (expression -> VAR .)
    $end            reduce using rule 15 (expression -> VAR .)


state 10

    (12) expression -> LPAREN expression . RPAREN
    (6) expression -> expression . PLUS expression
    (7) expression -> expression . MINUS expression
    (8) expression -> expression . POWER expression
    (9) expression -> expression . TIMES expression
    (10) expression -> expression . DIVIDE expression

    RPAREN          shift and go to state 21
    PLUS            shift and go to state 15
    MINUS           shift and go to state 14
    POWER           shift and go to state 16
    TIMES           shift and go to state 17
    DIVIDE          shift and go to state 13


state 11

    (15) expression -> VAR .

    PLUS            reduce using rule 15 (expression -> VAR .)
    MINUS           reduce using rule 15 (expression -> VAR .)
    POWER           reduce using rule 15 (expression -> VAR .)
    TIMES           reduce using rule 15 (expression -> VAR .)
    DIVIDE          reduce using rule 15 (expression -> VAR .)
    $end            reduce using rule 15 (expression -> VAR .)
    RPAREN          reduce using rule 15 (expression -> VAR .)


state 12

    (4) expression -> INTEGRAL OF . expression
    (4) expression -> . INTEGRAL OF expression
    (5) expression -> . DERIVATIVE OF expression
    (6) expression -> . expression PLUS expression
    (7) expression -> . expression MINUS expression
    (8) expression -> . expression POWER expression
    (9) expression -> . expression TIMES expression
    (10) expression -> . expression DIVIDE expression
    (11) expression -> . MINUS expression
    (12) expression -> . LPAREN expression RPAREN
    (13) expression -> . INT
    (14) expression -> . FLOAT
    (15) expression -> . VAR

    INTEGRAL        shift and go to state 2
    DERIVATIVE      shift and go to state 6
    MINUS           shift and go to state 8
    LPAREN          shift and go to state 1
    INT             shift and go to state 4
    FLOAT           shift and go to state 3
    VAR             shift and go to state 11

    expression                     shift and go to state 22

state 13

    (10) expression -> expression DIVIDE . expression
    (4) expression -> . INTEGRAL OF expression
    (5) expression -> . DERIVATIVE OF expression
    (6) expression -> . expression PLUS expression
    (7) expression -> . expression MINUS expression
    (8) expression -> . expression POWER expression
    (9) expression -> . expression TIMES expression
    (10) expression -> . expression DIVIDE expression
    (11) expression -> . MINUS expression
    (12) expression -> . LPAREN expression RPAREN
    (13) expression -> . INT
    (14) expression -> . FLOAT
    (15) expression -> . VAR

    INTEGRAL        shift and go to state 2
    DERIVATIVE      shift and go to state 6
    MINUS           shift and go to state 8
    LPAREN          shift and go to state 1
    INT             shift and go to state 4
    FLOAT           shift and go to state 3
    VAR             shift and go to state 11

    expression                     shift and go to state 23

state 14

    (7) expression -> expression MINUS . expression
    (4) expression -> . INTEGRAL OF expression
    (5) expression -> . DERIVATIVE OF expression
    (6) expression -> . expression PLUS expression
    (7) expression -> . expression MINUS expression
    (8) expression -> . expression POWER expression
    (9) expression -> . expression TIMES expression
    (10) expression -> . expression DIVIDE expression
    (11) expression -> . MINUS expression
    (12) expression -> . LPAREN expression RPAREN
    (13) expression -> . INT
    (14) expression -> . FLOAT
    (15) expression -> . VAR

    INTEGRAL        shift and go to state 2
    DERIVATIVE      shift and go to state 6
    MINUS           shift and go to state 8
    LPAREN          shift and go to state 1
    INT             shift and go to state 4
    FLOAT           shift and go to state 3
    VAR             shift and go to state 11

    expression                     shift and go to state 24

state 15

    (6) expression -> expression PLUS . expression
    (4) expression -> . INTEGRAL OF expression
    (5) expression -> . DERIVATIVE OF expression
    (6) expression -> . expression PLUS expression
    (7) expression -> . expression MINUS expression
    (8) expression -> . expression POWER expression
    (9) expression -> . expression TIMES expression
    (10) expression -> . expression DIVIDE expression
    (11) expression -> . MINUS expression
    (12) expression -> . LPAREN expression RPAREN
    (13) expression -> . INT
    (14) expression -> . FLOAT
    (15) expression -> . VAR

    INTEGRAL        shift and go to state 2
    DERIVATIVE      shift and go to state 6
    MINUS           shift and go to state 8
    LPAREN          shift and go to state 1
    INT             shift and go to state 4
    FLOAT           shift and go to state 3
    VAR             shift and go to state 11

    expression                     shift and go to state 25

state 16

    (8) expression -> expression POWER . expression
    (4) expression -> . INTEGRAL OF expression
    (5) expression -> . DERIVATIVE OF expression
    (6) expression -> . expression PLUS expression
    (7) expression -> . expression MINUS expression
    (8) expression -> . expression POWER expression
    (9) expression -> . expression TIMES expression
    (10) expression -> . expression DIVIDE expression
    (11) expression -> . MINUS expression
    (12) expression -> . LPAREN expression RPAREN
    (13) expression -> . INT
    (14) expression -> . FLOAT
    (15) expression -> . VAR

    INTEGRAL        shift and go to state 2
    DERIVATIVE      shift and go to state 6
    MINUS           shift and go to state 8
    LPAREN          shift and go to state 1
    INT             shift and go to state 4
    FLOAT           shift and go to state 3
    VAR             shift and go to state 11

    expression                     shift and go to state 26

state 17

    (9) expression -> expression TIMES . expression
    (4) expression -> . INTEGRAL OF expression
    (5) expression -> . DERIVATIVE OF expression
    (6) expression -> . expression PLUS expression
    (7) expression -> . expression MINUS expression
    (8) expression -> . expression POWER expression
    (9) expression -> . expression TIMES expression
    (10) expression -> . expression DIVIDE expression
    (11) expression -> . MINUS expression
    (12) expression -> . LPAREN expression RPAREN
    (13) expression -> . INT
    (14) expression -> . FLOAT
    (15) expression -> . VAR

    INTEGRAL        shift and go to state 2
    DERIVATIVE      shift and go to state 6
    MINUS           shift and go to state 8
    LPAREN          shift and go to state 1
    INT             shift and go to state 4
    FLOAT           shift and go to state 3
    VAR             shift and go to state 11

    expression                     shift and go to state 27

state 18

    (5) expression -> DERIVATIVE OF . expression
    (4) expression -> . INTEGRAL OF expression
    (5) expression -> . DERIVATIVE OF expression
    (6) expression -> . expression PLUS expression
    (7) expression -> . expression MINUS expression
    (8) expression -> . expression POWER expression
    (9) expression -> . expression TIMES expression
    (10) expression -> . expression DIVIDE expression
    (11) expression -> . MINUS expression
    (12) expression -> . LPAREN expression RPAREN
    (13) expression -> . INT
    (14) expression -> . FLOAT
    (15) expression -> . VAR

    INTEGRAL        shift and go to state 2
    DERIVATIVE      shift and go to state 6
    MINUS           shift and go to state 8
    LPAREN          shift and go to state 1
    INT             shift and go to state 4
    FLOAT           shift and go to state 3
    VAR             shift and go to state 11

    expression                     shift and go to state 28

state 19

    (11) expression -> MINUS expression .
    (6) expression -> expression . PLUS expression
    (7) expression -> expression . MINUS expression
    (8) expression -> expression . POWER expression
    (9) expression -> expression . TIMES expression
    (10) expression -> expression . DIVIDE expression

    PLUS            reduce using rule 11 (expression -> MINUS expression .)
    MINUS           reduce using rule 11 (expression -> MINUS expression .)
    POWER           reduce using rule 11 (expression -> MINUS expression .)
    TIMES           reduce using rule 11 (expression -> MINUS expression .)
    DIVIDE          reduce using rule 11 (expression -> MINUS expression .)
    $end            reduce using rule 11 (expression -> MINUS expression .)
    RPAREN          reduce using rule 11 (expression -> MINUS expression .)

  ! PLUS            [ shift and go to state 15 ]
  ! MINUS           [ shift and go to state 14 ]
  ! POWER           [ shift and go to state 16 ]
  ! TIMES           [ shift and go to state 17 ]
  ! DIVIDE          [ shift and go to state 13 ]


state 20

    (1) statement -> VAR EQUALS . expression
    (2) statement -> VAR EQUALS . XVALUE
    (4) expression -> . INTEGRAL OF expression
    (5) expression -> . DERIVATIVE OF expression
    (6) expression -> . expression PLUS expression
    (7) expression -> . expression MINUS expression
    (8) expression -> . expression POWER expression
    (9) expression -> . expression TIMES expression
    (10) expression -> . expression DIVIDE expression
    (11) expression -> . MINUS expression
    (12) expression -> . LPAREN expression RPAREN
    (13) expression -> . INT
    (14) expression -> . FLOAT
    (15) expression -> . VAR

    XVALUE          shift and go to state 30
    INTEGRAL        shift and go to state 2
    DERIVATIVE      shift and go to state 6
    MINUS           shift and go to state 8
    LPAREN          shift and go to state 1
    INT             shift and go to state 4
    FLOAT           shift and go to state 3
    VAR             shift and go to state 11

    expression                     shift and go to state 29

state 21

    (12) expression -> LPAREN expression RPAREN .

    PLUS            reduce using rule 12 (expression -> LPAREN expression RPAREN .)
    MINUS           reduce using rule 12 (expression -> LPAREN expression RPAREN .)
    POWER           reduce using rule 12 (expression -> LPAREN expression RPAREN .)
    TIMES           reduce using rule 12 (expression -> LPAREN expression RPAREN .)
    DIVIDE          reduce using rule 12 (expression -> LPAREN expression RPAREN .)
    $end            reduce using rule 12 (expression -> LPAREN expression RPAREN .)
    RPAREN          reduce using rule 12 (expression -> LPAREN expression RPAREN .)


state 22

    (4) expression -> INTEGRAL OF expression .
    (6) expression -> expression . PLUS expression
    (7) expression -> expression . MINUS expression
    (8) expression -> expression . POWER expression
    (9) expression -> expression . TIMES expression
    (10) expression -> expression . DIVIDE expression

  ! shift/reduce conflict for PLUS resolved as shift
  ! shift/reduce conflict for MINUS resolved as shift
  ! shift/reduce conflict for POWER resolved as shift
  ! shift/reduce conflict for TIMES resolved as shift
  ! shift/reduce conflict for DIVIDE resolved as shift
    $end            reduce using rule 4 (expression -> INTEGRAL OF expression .)
    RPAREN          reduce using rule 4 (expression -> INTEGRAL OF expression .)
    PLUS            shift and go to state 15
    MINUS           shift and go to state 14
    POWER           shift and go to state 16
    TIMES           shift and go to state 17
    DIVIDE          shift and go to state 13

  ! PLUS            [ reduce using rule 4 (expression -> INTEGRAL OF expression .) ]
  ! MINUS           [ reduce using rule 4 (expression -> INTEGRAL OF expression .) ]
  ! POWER           [ reduce using rule 4 (expression -> INTEGRAL OF expression .) ]
  ! TIMES           [ reduce using rule 4 (expression -> INTEGRAL OF expression .) ]
  ! DIVIDE          [ reduce using rule 4 (expression -> INTEGRAL OF expression .) ]


state 23

    (10) expression -> expression DIVIDE expression .
    (6) expression -> expression . PLUS expression
    (7) expression -> expression . MINUS expression
    (8) expression -> expression . POWER expression
    (9) expression -> expression . TIMES expression
    (10) expression -> expression . DIVIDE expression

    PLUS            reduce using rule 10 (expression -> expression DIVIDE expression .)
    MINUS           reduce using rule 10 (expression -> expression DIVIDE expression .)
    TIMES           reduce using rule 10 (expression -> expression DIVIDE expression .)
    DIVIDE          reduce using rule 10 (expression -> expression DIVIDE expression .)
    $end            reduce using rule 10 (expression -> expression DIVIDE expression .)
    RPAREN          reduce using rule 10 (expression -> expression DIVIDE expression .)
    POWER           shift and go to state 16

  ! POWER           [ reduce using rule 10 (expression -> expression DIVIDE expression .) ]
  ! PLUS            [ shift and go to state 15 ]
  ! MINUS           [ shift and go to state 14 ]
  ! TIMES           [ shift and go to state 17 ]
  ! DIVIDE          [ shift and go to state 13 ]


state 24

    (7) expression -> expression MINUS expression .
    (6) expression -> expression . PLUS expression
    (7) expression -> expression . MINUS expression
    (8) expression -> expression . POWER expression
    (9) expression -> expression . TIMES expression
    (10) expression -> expression . DIVIDE expression

    PLUS            reduce using rule 7 (expression -> expression MINUS expression .)
    MINUS           reduce using rule 7 (expression -> expression MINUS expression .)
    $end            reduce using rule 7 (expression -> expression MINUS expression .)
    RPAREN          reduce using rule 7 (expression -> expression MINUS expression .)
    POWER           shift and go to state 16
    TIMES           shift and go to state 17
    DIVIDE          shift and go to state 13

  ! POWER           [ reduce using rule 7 (expression -> expression MINUS expression .) ]
  ! TIMES           [ reduce using rule 7 (expression -> expression MINUS expression .) ]
  ! DIVIDE          [ reduce using rule 7 (expression -> expression MINUS expression .) ]
  ! PLUS            [ shift and go to state 15 ]
  ! MINUS           [ shift and go to state 14 ]


state 25

    (6) expression -> expression PLUS expression .
    (6) expression -> expression . PLUS expression
    (7) expression -> expression . MINUS expression
    (8) expression -> expression . POWER expression
    (9) expression -> expression . TIMES expression
    (10) expression -> expression . DIVIDE expression

    PLUS            reduce using rule 6 (expression -> expression PLUS expression .)
    MINUS           reduce using rule 6 (expression -> expression PLUS expression .)
    $end            reduce using rule 6 (expression -> expression PLUS expression .)
    RPAREN          reduce using rule 6 (expression -> expression PLUS expression .)
    POWER           shift and go to state 16
    TIMES           shift and go to state 17
    DIVIDE          shift and go to state 13

  ! POWER           [ reduce using rule 6 (expression -> expression PLUS expression .) ]
  ! TIMES           [ reduce using rule 6 (expression -> expression PLUS expression .) ]
  ! DIVIDE          [ reduce using rule 6 (expression -> expression PLUS expression .) ]
  ! PLUS            [ shift and go to state 15 ]
  ! MINUS           [ shift and go to state 14 ]


state 26

    (8) expression -> expression POWER expression .
    (6) expression -> expression . PLUS expression
    (7) expression -> expression . MINUS expression
    (8) expression -> expression . POWER expression
    (9) expression -> expression . TIMES expression
    (10) expression -> expression . DIVIDE expression

    PLUS            reduce using rule 8 (expression -> expression POWER expression .)
    MINUS           reduce using rule 8 (expression -> expression POWER expression .)
    POWER           reduce using rule 8 (expression -> expression POWER expression .)
    TIMES           reduce using rule 8 (expression -> expression POWER expression .)
    DIVIDE          reduce using rule 8 (expression -> expression POWER expression .)
    $end            reduce using rule 8 (expression -> expression POWER expression .)
    RPAREN          reduce using rule 8 (expression -> expression POWER expression .)

  ! PLUS            [ shift and go to state 15 ]
  ! MINUS           [ shift and go to state 14 ]
  ! POWER           [ shift and go to state 16 ]
  ! TIMES           [ shift and go to state 17 ]
  ! DIVIDE          [ shift and go to state 13 ]


state 27

    (9) expression -> expression TIMES expression .
    (6) expression -> expression . PLUS expression
    (7) expression -> expression . MINUS expression
    (8) expression -> expression . POWER expression
    (9) expression -> expression . TIMES expression
    (10) expression -> expression . DIVIDE expression

    PLUS            reduce using rule 9 (expression -> expression TIMES expression .)
    MINUS           reduce using rule 9 (expression -> expression TIMES expression .)
    TIMES           reduce using rule 9 (expression -> expression TIMES expression .)
    DIVIDE          reduce using rule 9 (expression -> expression TIMES expression .)
    $end            reduce using rule 9 (expression -> expression TIMES expression .)
    RPAREN          reduce using rule 9 (expression -> expression TIMES expression .)
    POWER           shift and go to state 16

  ! POWER           [ reduce using rule 9 (expression -> expression TIMES expression .) ]
  ! PLUS            [ shift and go to state 15 ]
  ! MINUS           [ shift and go to state 14 ]
  ! TIMES           [ shift and go to state 17 ]
  ! DIVIDE          [ shift and go to state 13 ]


state 28

    (5) expression -> DERIVATIVE OF expression .
    (6) expression -> expression . PLUS expression
    (7) expression -> expression . MINUS expression
    (8) expression -> expression . POWER expression
    (9) expression -> expression . TIMES expression
    (10) expression -> expression . DIVIDE expression

  ! shift/reduce conflict for PLUS resolved as shift
  ! shift/reduce conflict for MINUS resolved as shift
  ! shift/reduce conflict for POWER resolved as shift
  ! shift/reduce conflict for TIMES resolved as shift
  ! shift/reduce conflict for DIVIDE resolved as shift
    $end            reduce using rule 5 (expression -> DERIVATIVE OF expression .)
    RPAREN          reduce using rule 5 (expression -> DERIVATIVE OF expression .)
    PLUS            shift and go to state 15
    MINUS           shift and go to state 14
    POWER           shift and go to state 16
    TIMES           shift and go to state 17
    DIVIDE          shift and go to state 13

  ! PLUS            [ reduce using rule 5 (expression -> DERIVATIVE OF expression .) ]
  ! MINUS           [ reduce using rule 5 (expression -> DERIVATIVE OF expression .) ]
  ! POWER           [ reduce using rule 5 (expression -> DERIVATIVE OF expression .) ]
  ! TIMES           [ reduce using rule 5 (expression -> DERIVATIVE OF expression .) ]
  ! DIVIDE          [ reduce using rule 5 (expression -> DERIVATIVE OF expression .) ]


state 29

    (1) statement -> VAR EQUALS expression .
    (6) expression -> expression . PLUS expression
    (7) expression -> expression . MINUS expression
    (8) expression -> expression . POWER expression
    (9) expression -> expression . TIMES expression
    (10) expression -> expression . DIVIDE expression

    $end            reduce using rule 1 (statement -> VAR EQUALS expression .)
    PLUS            shift and go to state 15
    MINUS           shift and go to state 14
    POWER           shift and go to state 16
    TIMES           shift and go to state 17
    DIVIDE          shift and go to state 13


state 30

    (2) statement -> VAR EQUALS XVALUE .

    $end            reduce using rule 2 (statement -> VAR EQUALS XVALUE .)

WARNING: 
WARNING: Conflicts:
WARNING: 
WARNING: shift/reduce conflict for PLUS in state 22 resolved as shift
WARNING: shift/reduce conflict for MINUS in state 22 resolved as shift
WARNING: shift/reduce conflict for POWER in state 22 resolved as shift
WARNING: shift/reduce conflict for TIMES in state 22 resolved as shift
WARNING: shift/reduce conflict for DIVIDE in state 22 resolved as shift
WARNING: shift/reduce conflict for PLUS in state 28 resolved as shift
WARNING: shift/reduce conflict for MINUS in state 28 resolved as shift
WARNING: shift/reduce conflict for POWER in state 28 resolved as shift
WARNING: shift/reduce conflict for TIMES in state 28 resolved as shift
WARNING: shift/reduce conflict for DIVIDE in state 28 resolved as shift
